Tue Jul 19 22:35:16 2022       
+-----------------------------------------------------------------------------+
| NVIDIA-SMI 470.129.06   Driver Version: 470.129.06   CUDA Version: 11.4     |
|-------------------------------+----------------------+----------------------+
| GPU  Name        Persistence-M| Bus-Id        Disp.A | Volatile Uncorr. ECC |
| Fan  Temp  Perf  Pwr:Usage/Cap|         Memory-Usage | GPU-Util  Compute M. |
|                               |                      |               MIG M. |
|===============================+======================+======================|
|   0  Tesla T4            Off  | 00000000:00:07.0 Off |                    0 |
| N/A   31C    P8     9W /  70W |      0MiB / 15109MiB |      0%      Default |
|                               |                      |                  N/A |
+-------------------------------+----------------------+----------------------+
                                                                               
+-----------------------------------------------------------------------------+
| Processes:                                                                  |
|  GPU   GI   CI        PID   Type   Process name                  GPU Memory |
|        ID   ID                                                   Usage      |
|=============================================================================|
|  No running processes found                                                 |
+-----------------------------------------------------------------------------+
http://www.sp.ph.ic.ac.uk/~erg10/safe/timelapse/videos//2022-06-02/tl_2022-06-02_13A.mp4
****Connected****
Downloading.....
Done
http://www.sp.ph.ic.ac.uk/~erg10/safe/timelapse/videos//2022-06-02/tl4_2022-06-02_13A.mp4
****Connected****
Downloading.....
Done
Train done
Val done
Test done
 22:35:19 up 13:13,  2 users,  load average: 1.06, 1.11, 1.13
