Tue Jul 19 22:25:01 2022       
+-----------------------------------------------------------------------------+
| NVIDIA-SMI 470.129.06   Driver Version: 470.129.06   CUDA Version: 11.4     |
|-------------------------------+----------------------+----------------------+
| GPU  Name        Persistence-M| Bus-Id        Disp.A | Volatile Uncorr. ECC |
| Fan  Temp  Perf  Pwr:Usage/Cap|         Memory-Usage | GPU-Util  Compute M. |
|                               |                      |               MIG M. |
|===============================+======================+======================|
|   0  Tesla T4            Off  | 00000000:00:07.0 Off |                    0 |
| N/A   31C    P8    10W /  70W |      0MiB / 15109MiB |      0%      Default |
|                               |                      |                  N/A |
+-------------------------------+----------------------+----------------------+
                                                                               
+-----------------------------------------------------------------------------+
| Processes:                                                                  |
|  GPU   GI   CI        PID   Type   Process name                  GPU Memory |
|        ID   ID                                                   Usage      |
|=============================================================================|
|  No running processes found                                                 |
+-----------------------------------------------------------------------------+
[ERROR:0@0.529] global /io/opencv/modules/videoio/src/cap.cpp (164) open VIDEOIO(CV_IMAGES): raised OpenCV exception:

OpenCV(4.6.0) /io/opencv/modules/videoio/src/cap_images.cpp:253: error: (-5:Bad argument) CAP_IMAGES: can't find starting number (in the name of file): new_val.lst in function 'icvExtractPattern'


[ERROR:0@0.533] global /io/opencv/modules/videoio/src/cap.cpp (164) open VIDEOIO(CV_IMAGES): raised OpenCV exception:

OpenCV(4.6.0) /io/opencv/modules/videoio/src/cap_images.cpp:253: error: (-5:Bad argument) CAP_IMAGES: can't find starting number (in the name of file): new_val.lst in function 'icvExtractPattern'


[ERROR:0@0.533] global /io/opencv/modules/videoio/src/cap.cpp (164) open VIDEOIO(CV_IMAGES): raised OpenCV exception:

OpenCV(4.6.0) /io/opencv/modules/videoio/src/cap_images.cpp:253: error: (-5:Bad argument) CAP_IMAGES: can't find starting number (in the name of file): new_train.lst in function 'icvExtractPattern'


[ERROR:0@0.534] global /io/opencv/modules/videoio/src/cap.cpp (164) open VIDEOIO(CV_IMAGES): raised OpenCV exception:

OpenCV(4.6.0) /io/opencv/modules/videoio/src/cap_images.cpp:253: error: (-5:Bad argument) CAP_IMAGES: can't find starting number (in the name of file): new_train.lst in function 'icvExtractPattern'


[ERROR:0@0.536] global /io/opencv/modules/videoio/src/cap.cpp (164) open VIDEOIO(CV_IMAGES): raised OpenCV exception:

OpenCV(4.6.0) /io/opencv/modules/videoio/src/cap_images.cpp:253: error: (-5:Bad argument) CAP_IMAGES: can't find starting number (in the name of file): new_test.lst in function 'icvExtractPattern'


[ERROR:0@0.536] global /io/opencv/modules/videoio/src/cap.cpp (164) open VIDEOIO(CV_IMAGES): raised OpenCV exception:

OpenCV(4.6.0) /io/opencv/modules/videoio/src/cap_images.cpp:253: error: (-5:Bad argument) CAP_IMAGES: can't find starting number (in the name of file): new_test.lst in function 'icvExtractPattern'


[ERROR:0@0.538] global /io/opencv/modules/videoio/src/cap.cpp (164) open VIDEOIO(CV_IMAGES): raised OpenCV exception:

OpenCV(4.6.0) /io/opencv/modules/videoio/src/cap_images.cpp:253: error: (-5:Bad argument) CAP_IMAGES: can't find starting number (in the name of file): softras_val.lst in function 'icvExtractPattern'


[ERROR:0@0.539] global /io/opencv/modules/videoio/src/cap.cpp (164) open VIDEOIO(CV_IMAGES): raised OpenCV exception:

OpenCV(4.6.0) /io/opencv/modules/videoio/src/cap_images.cpp:253: error: (-5:Bad argument) CAP_IMAGES: can't find starting number (in the name of file): softras_train.lst in function 'icvExtractPattern'


[ERROR:0@0.540] global /io/opencv/modules/videoio/src/cap.cpp (164) open VIDEOIO(CV_IMAGES): raised OpenCV exception:

OpenCV(4.6.0) /io/opencv/modules/videoio/src/cap_images.cpp:253: error: (-5:Bad argument) CAP_IMAGES: can't find starting number (in the name of file): new_test.lst in function 'icvExtractPattern'


[ERROR:0@0.541] global /io/opencv/modules/videoio/src/cap.cpp (164) open VIDEOIO(CV_IMAGES): raised OpenCV exception:

OpenCV(4.6.0) /io/opencv/modules/videoio/src/cap_images.cpp:253: error: (-5:Bad argument) CAP_IMAGES: can't find starting number (in the name of file): new_test.lst in function 'icvExtractPattern'


[ERROR:0@0.541] global /io/opencv/modules/videoio/src/cap.cpp (164) open VIDEOIO(CV_IMAGES): raised OpenCV exception:

OpenCV(4.6.0) /io/opencv/modules/videoio/src/cap_images.cpp:253: error: (-5:Bad argument) CAP_IMAGES: can't find starting number (in the name of file): new_train.lst in function 'icvExtractPattern'


[ERROR:0@0.542] global /io/opencv/modules/videoio/src/cap.cpp (164) open VIDEOIO(CV_IMAGES): raised OpenCV exception:

OpenCV(4.6.0) /io/opencv/modules/videoio/src/cap_images.cpp:253: error: (-5:Bad argument) CAP_IMAGES: can't find starting number (in the name of file): new_train.lst in function 'icvExtractPattern'


[ERROR:0@0.542] global /io/opencv/modules/videoio/src/cap.cpp (164) open VIDEOIO(CV_IMAGES): raised OpenCV exception:

OpenCV(4.6.0) /io/opencv/modules/videoio/src/cap_images.cpp:253: error: (-5:Bad argument) CAP_IMAGES: can't find starting number (in the name of file): new_val.lst in function 'icvExtractPattern'


[ERROR:0@0.543] global /io/opencv/modules/videoio/src/cap.cpp (164) open VIDEOIO(CV_IMAGES): raised OpenCV exception:

OpenCV(4.6.0) /io/opencv/modules/videoio/src/cap_images.cpp:253: error: (-5:Bad argument) CAP_IMAGES: can't find starting number (in the name of file): new_val.lst in function 'icvExtractPattern'


[ERROR:0@0.544] global /io/opencv/modules/videoio/src/cap.cpp (164) open VIDEOIO(CV_IMAGES): raised OpenCV exception:

OpenCV(4.6.0) /io/opencv/modules/videoio/src/cap_images.cpp:253: error: (-5:Bad argument) CAP_IMAGES: can't find starting number (in the name of file): softras_test.lst in function 'icvExtractPattern'


http://www.sp.ph.ic.ac.uk/~erg10/safe/timelapse/videos//2022-06-02/tl_2022-06-02_13A.mp4
****Connected****
Downloading.....
Done
http://www.sp.ph.ic.ac.uk/~erg10/safe/timelapse/videos//2022-06-02/tl4_2022-06-02_13A.mp4
****Connected****
Downloading.....
Done
Train done
Val done
Test done
 22:25:03 up 13:03,  2 users,  load average: 1.04, 1.13, 1.16
