Tue Jul 19 12:48:59 2022       
+-----------------------------------------------------------------------------+
| NVIDIA-SMI 470.129.06   Driver Version: 470.129.06   CUDA Version: 11.4     |
|-------------------------------+----------------------+----------------------+
| GPU  Name        Persistence-M| Bus-Id        Disp.A | Volatile Uncorr. ECC |
| Fan  Temp  Perf  Pwr:Usage/Cap|         Memory-Usage | GPU-Util  Compute M. |
|                               |                      |               MIG M. |
|===============================+======================+======================|
|   0  NVIDIA TITAN Xp     On   | 00000000:1D:00.0 Off |                  N/A |
| 23%   28C    P8     9W / 250W |      1MiB / 12196MiB |      0%      Default |
|                               |                      |                  N/A |
+-------------------------------+----------------------+----------------------+
                                                                               
+-----------------------------------------------------------------------------+
| Processes:                                                                  |
|  GPU   GI   CI        PID   Type   Process name                  GPU Memory |
|        ID   ID                                                   Usage      |
|=============================================================================|
|  No running processes found                                                 |
+-----------------------------------------------------------------------------+
[ERROR:0@26065.003] global /io/opencv/modules/videoio/src/cap.cpp (164) open VIDEOIO(CV_IMAGES): raised OpenCV exception:

OpenCV(4.6.0) /io/opencv/modules/videoio/src/cap_images.cpp:253: error: (-5:Bad argument) CAP_IMAGES: can't find starting number (in the name of file): dataCollectionScript.sh in function 'icvExtractPattern'


[ERROR:0@26065.688] global /io/opencv/modules/videoio/src/cap.cpp (164) open VIDEOIO(CV_IMAGES): raised OpenCV exception:

OpenCV(4.6.0) /io/opencv/modules/videoio/src/cap_images.cpp:253: error: (-5:Bad argument) CAP_IMAGES: can't find starting number (in the name of file): data_collection.py in function 'icvExtractPattern'


slurmstepd: error: *** JOB 56817 ON kingfisher CANCELLED AT 2022-07-19T21:15:31 ***
