Tue Jul 19 22:32:37 2022       
+-----------------------------------------------------------------------------+
| NVIDIA-SMI 470.129.06   Driver Version: 470.129.06   CUDA Version: 11.4     |
|-------------------------------+----------------------+----------------------+
| GPU  Name        Persistence-M| Bus-Id        Disp.A | Volatile Uncorr. ECC |
| Fan  Temp  Perf  Pwr:Usage/Cap|         Memory-Usage | GPU-Util  Compute M. |
|                               |                      |               MIG M. |
|===============================+======================+======================|
|   0  Tesla T4            Off  | 00000000:00:07.0 Off |                    0 |
| N/A   31C    P8     9W /  70W |      0MiB / 15109MiB |      0%      Default |
|                               |                      |                  N/A |
+-------------------------------+----------------------+----------------------+
                                                                               
+-----------------------------------------------------------------------------+
| Processes:                                                                  |
|  GPU   GI   CI        PID   Type   Process name                  GPU Memory |
|        ID   ID                                                   Usage      |
|=============================================================================|
|  No running processes found                                                 |
+-----------------------------------------------------------------------------+
  File "/vol/bitbucket/bac21/steak-generation/ip/Support/DataCollection/videos/data_collection.py", line 119
    def convert_from_homogenous_to_ndc(x, y, z, w = 1, nv, fv):
                                       ^
SyntaxError: non-default argument follows default argument
 22:32:38 up 13:11,  2 users,  load average: 1.10, 1.12, 1.14
